[2017-03-22 10:10:15] local.ERROR: exception 'ErrorException' with message 'Undefined variable: userId' in E:\wamp\www\chuangke_c\app\Http\Controllers\Home\teacherCourse\teacherCourseDetailController.php:383
Stack trace:
#0 E:\wamp\www\chuangke_c\app\Http\Controllers\Home\teacherCourse\teacherCourseDetailController.php(383): Illuminate\Foundation\Bootstrap\HandleExceptions->handleError(8, 'Undefined varia...', 'E:\\wamp\\www\\chu...', 383, Array)
#1 [internal function]: App\Http\Controllers\Home\teacherCourse\teacherCourseDetailController->getCourseStudyFinish(Object(Illuminate\Http\Request))
#2 E:\wamp\www\chuangke_c\vendor\laravel\framework\src\Illuminate\Routing\Controller.php(256): call_user_func_array(Array, Array)
#3 E:\wamp\www\chuangke_c\vendor\laravel\framework\src\Illuminate\Routing\ControllerDispatcher.php(164): Illuminate\Routing\Controller->callAction('getCourseStudyF...', Array)
#4 E:\wamp\www\chuangke_c\vendor\laravel\framework\src\Illuminate\Routing\ControllerDispatcher.php(112): Illuminate\Routing\ControllerDispatcher->call(Object(App\Http\Controllers\Home\teacherCourse\teacherCourseDetailController), Object(Illuminate\Routing\Route), 'getCourseStudyF...')
#5 [internal function]: Illuminate\Routing\ControllerDispatcher->Illuminate\Routing\{closure}(Object(Illuminate\Http\Request))
#6 E:\wamp\www\chuangke_c\vendor\laravel\framework\src\Illuminate\Pipeline\Pipeline.php(139): call_user_func(Object(Closure), Object(Illuminate\Http\Request))
#7 [internal function]: Illuminate\Pipeline\Pipeline->Illuminate\Pipeline\{closure}(Object(Illuminate\Http\Request))
#8 E:\wamp\www\chuangke_c\vendor\laravel\framework\src\Illuminate\Pipeline\Pipeline.php(103): call_user_func(Object(Closure), Object(Illuminate\Http\Request))
#9 E:\wamp\www\chuangke_c\vendor\laravel\framework\src\Illuminate\Routing\ControllerDispatcher.php(114): Illuminate\Pipeline\Pipeline->then(Object(Closure))
#10 E:\wamp\www\chuangke_c\vendor\laravel\framework\src\Illuminate\Routing\ControllerDispatcher.php(69): Illuminate\Routing\ControllerDispatcher->callWithinStack(Object(App\Http\Controllers\Home\teacherCourse\teacherCourseDetailController), Object(Illuminate\Routing\Route), Object(Illuminate\Http\Request), 'getCourseStudyF...')
#11 E:\wamp\www\chuangke_c\vendor\laravel\framework\src\Illuminate\Routing\Route.php(203): Illuminate\Routing\ControllerDispatcher->dispatch(Object(Illuminate\Routing\Route), Object(Illuminate\Http\Request), 'App\\Http\\Contro...', 'getCourseStudyF...')
#12 E:\wamp\www\chuangke_c\vendor\laravel\framework\src\Illuminate\Routing\Route.php(134): Illuminate\Routing\Route->runWithCustomDispatcher(Object(Illuminate\Http\Request))
#13 E:\wamp\www\chuangke_c\vendor\laravel\framework\src\Illuminate\Routing\Router.php(708): Illuminate\Routing\Route->run(Object(Illuminate\Http\Request))
#14 [internal function]: Illuminate\Routing\Router->Illuminate\Routing\{closure}(Object(Illuminate\Http\Request))
#15 E:\wamp\www\chuangke_c\vendor\laravel\framework\src\Illuminate\Pipeline\Pipeline.php(139): call_user_func(Object(Closure), Object(Illuminate\Http\Request))
#16 [internal function]: Illuminate\Pipeline\Pipeline->Illuminate\Pipeline\{closure}(Object(Illuminate\Http\Request))
#17 E:\wamp\www\chuangke_c\vendor\laravel\framework\src\Illuminate\Pipeline\Pipeline.php(103): call_user_func(Object(Closure), Object(Illuminate\Http\Request))
#18 E:\wamp\www\chuangke_c\vendor\laravel\framework\src\Illuminate\Routing\Router.php(710): Illuminate\Pipeline\Pipeline->then(Object(Closure))
#19 E:\wamp\www\chuangke_c\vendor\laravel\framework\src\Illuminate\Routing\Router.php(675): Illuminate\Routing\Router->runRouteWithinStack(Object(Illuminate\Routing\Route), Object(Illuminate\Http\Request))
#20 E:\wamp\www\chuangke_c\vendor\laravel\framework\src\Illuminate\Routing\Router.php(635): Illuminate\Routing\Router->dispatchToRoute(Object(Illuminate\Http\Request))
#21 E:\wamp\www\chuangke_c\vendor\laravel\framework\src\Illuminate\Foundation\Http\Kernel.php(236): Illuminate\Routing\Router->dispatch(Object(Illuminate\Http\Request))
#22 [internal function]: Illuminate\Foundation\Http\Kernel->Illuminate\Foundation\Http\{closure}(Object(Illuminate\Http\Request))
#23 E:\wamp\www\chuangke_c\vendor\laravel\framework\src\Illuminate\Pipeline\Pipeline.php(139): call_user_func(Object(Closure), Object(Illuminate\Http\Request))
#24 E:\wamp\www\chuangke_c\vendor\laravel\framework\src\Illuminate\Foundation\Http\Middleware\VerifyCsrfToken.php(50): Illuminate\Pipeline\Pipeline->Illuminate\Pipeline\{closure}(Object(Illuminate\Http\Request))
#25 [internal function]: Illuminate\Foundation\Http\Middleware\VerifyCsrfToken->handle(Object(Illuminate\Http\Request), Object(Closure))
#26 E:\wamp\www\chuangke_c\vendor\laravel\framework\src\Illuminate\Pipeline\Pipeline.php(124): call_user_func_array(Array, Array)
#27 E:\wamp\www\chuangke_c\vendor\laravel\framework\src\Illuminate\View\Middleware\ShareErrorsFromSession.php(49): Illuminate\Pipeline\Pipeline->Illuminate\Pipeline\{closure}(Object(Illuminate\Http\Request))
#28 [internal function]: Illuminate\View\Middleware\ShareErrorsFromSession->handle(Object(Illuminate\Http\Request), Object(Closure))
#29 E:\wamp\www\chuangke_c\vendor\laravel\framework\src\Illuminate\Pipeline\Pipeline.php(124): call_user_func_array(Array, Array)
#30 E:\wamp\www\chuangke_c\vendor\laravel\framework\src\Illuminate\Session\Middleware\StartSession.php(62): Illuminate\Pipeline\Pipeline->Illuminate\Pipeline\{closure}(Object(Illuminate\Http\Request))
#31 [internal function]: Illuminate\Session\Middleware\StartSession->handle(Object(Illuminate\Http\Request), Object(Closure))
#32 E:\wamp\www\chuangke_c\vendor\laravel\framework\src\Illuminate\Pipeline\Pipeline.php(124): call_user_func_array(Array, Array)
#33 E:\wamp\www\chuangke_c\vendor\laravel\framework\src\Illuminate\Cookie\Middleware\AddQueuedCookiesToResponse.php(37): Illuminate\Pipeline\Pipeline->Illuminate\Pipeline\{closure}(Object(Illuminate\Http\Request))
#34 [internal function]: Illuminate\Cookie\Middleware\AddQueuedCookiesToResponse->handle(Object(Illuminate\Http\Request), Object(Closure))
#35 E:\wamp\www\chuangke_c\vendor\laravel\framework\src\Illuminate\Pipeline\Pipeline.php(124): call_user_func_array(Array, Array)
#36 E:\wamp\www\chuangke_c\vendor\laravel\framework\src\Illuminate\Cookie\Middleware\EncryptCookies.php(59): Illuminate\Pipeline\Pipeline->Illuminate\Pipeline\{closure}(Object(Illuminate\Http\Request))
#37 [internal function]: Illuminate\Cookie\Middleware\EncryptCookies->handle(Object(Illuminate\Http\Request), Object(Closure))
#38 E:\wamp\www\chuangke_c\vendor\laravel\framework\src\Illuminate\Pipeline\Pipeline.php(124): call_user_func_array(Array, Array)
#39 E:\wamp\www\chuangke_c\vendor\laravel\framework\src\Illuminate\Foundation\Http\Middleware\CheckForMaintenanceMode.php(44): Illuminate\Pipeline\Pipeline->Illuminate\Pipeline\{closure}(Object(Illuminate\Http\Request))
#40 [internal function]: Illuminate\Foundation\Http\Middleware\CheckForMaintenanceMode->handle(Object(Illuminate\Http\Request), Object(Closure))
#41 E:\wamp\www\chuangke_c\vendor\laravel\framework\src\Illuminate\Pipeline\Pipeline.php(124): call_user_func_array(Array, Array)
#42 [internal function]: Illuminate\Pipeline\Pipeline->Illuminate\Pipeline\{closure}(Object(Illuminate\Http\Request))
#43 E:\wamp\www\chuangke_c\vendor\laravel\framework\src\Illuminate\Pipeline\Pipeline.php(103): call_user_func(Object(Closure), Object(Illuminate\Http\Request))
#44 E:\wamp\www\chuangke_c\vendor\laravel\framework\src\Illuminate\Foundation\Http\Kernel.php(122): Illuminate\Pipeline\Pipeline->then(Object(Closure))
#45 E:\wamp\www\chuangke_c\vendor\laravel\framework\src\Illuminate\Foundation\Http\Kernel.php(87): Illuminate\Foundation\Http\Kernel->sendRequestThroughRouter(Object(Illuminate\Http\Request))
#46 E:\wamp\www\chuangke_c\public\index.php(54): Illuminate\Foundation\Http\Kernel->handle(Object(Illuminate\Http\Request))
#47 {main}  
[2017-03-22 14:18:12] local.ERROR: exception 'ErrorException' with message 'Trying to get property of non-object' in E:\wamp\www\chuangke_c\app\Http\Controllers\Home\teacherCourse\teacherCourseController.php:65
Stack trace:
#0 E:\wamp\www\chuangke_c\app\Http\Controllers\Home\teacherCourse\teacherCourseController.php(65): Illuminate\Foundation\Bootstrap\HandleExceptions->handleError(8, 'Trying to get p...', 'E:\\wamp\\www\\chu...', 65, Array)
#1 [internal function]: App\Http\Controllers\Home\teacherCourse\teacherCourseController->getListMyCourse(Object(Illuminate\Http\Request), '3', '1', '10')
#2 E:\wamp\www\chuangke_c\vendor\laravel\framework\src\Illuminate\Routing\Controller.php(256): call_user_func_array(Array, Array)
#3 E:\wamp\www\chuangke_c\vendor\laravel\framework\src\Illuminate\Routing\ControllerDispatcher.php(164): Illuminate\Routing\Controller->callAction('getListMyCourse', Array)
#4 E:\wamp\www\chuangke_c\vendor\laravel\framework\src\Illuminate\Routing\ControllerDispatcher.php(112): Illuminate\Routing\ControllerDispatcher->call(Object(App\Http\Controllers\Home\teacherCourse\teacherCourseController), Object(Illuminate\Routing\Route), 'getListMyCourse')
#5 [internal function]: Illuminate\Routing\ControllerDispatcher->Illuminate\Routing\{closure}(Object(Illuminate\Http\Request))
#6 E:\wamp\www\chuangke_c\vendor\laravel\framework\src\Illuminate\Pipeline\Pipeline.php(139): call_user_func(Object(Closure), Object(Illuminate\Http\Request))
#7 [internal function]: Illuminate\Pipeline\Pipeline->Illuminate\Pipeline\{closure}(Object(Illuminate\Http\Request))
#8 E:\wamp\www\chuangke_c\vendor\laravel\framework\src\Illuminate\Pipeline\Pipeline.php(103): call_user_func(Object(Closure), Object(Illuminate\Http\Request))
#9 E:\wamp\www\chuangke_c\vendor\laravel\framework\src\Illuminate\Routing\ControllerDispatcher.php(114): Illuminate\Pipeline\Pipeline->then(Object(Closure))
#10 E:\wamp\www\chuangke_c\vendor\laravel\framework\src\Illuminate\Routing\ControllerDispatcher.php(69): Illuminate\Routing\ControllerDispatcher->callWithinStack(Object(App\Http\Controllers\Home\teacherCourse\teacherCourseController), Object(Illuminate\Routing\Route), Object(Illuminate\Http\Request), 'getListMyCourse')
#11 E:\wamp\www\chuangke_c\vendor\laravel\framework\src\Illuminate\Routing\Route.php(203): Illuminate\Routing\ControllerDispatcher->dispatch(Object(Illuminate\Routing\Route), Object(Illuminate\Http\Request), 'App\\Http\\Contro...', 'getListMyCourse')
#12 E:\wamp\www\chuangke_c\vendor\laravel\framework\src\Illuminate\Routing\Route.php(134): Illuminate\Routing\Route->runWithCustomDispatcher(Object(Illuminate\Http\Request))
#13 E:\wamp\www\chuangke_c\vendor\laravel\framework\src\Illuminate\Routing\Router.php(708): Illuminate\Routing\Route->run(Object(Illuminate\Http\Request))
#14 [internal function]: Illuminate\Routing\Router->Illuminate\Routing\{closure}(Object(Illuminate\Http\Request))
#15 E:\wamp\www\chuangke_c\vendor\laravel\framework\src\Illuminate\Pipeline\Pipeline.php(139): call_user_func(Object(Closure), Object(Illuminate\Http\Request))
#16 [internal function]: Illuminate\Pipeline\Pipeline->Illuminate\Pipeline\{closure}(Object(Illuminate\Http\Request))
#17 E:\wamp\www\chuangke_c\vendor\laravel\framework\src\Illuminate\Pipeline\Pipeline.php(103): call_user_func(Object(Closure), Object(Illuminate\Http\Request))
#18 E:\wamp\www\chuangke_c\vendor\laravel\framework\src\Illuminate\Routing\Router.php(710): Illuminate\Pipeline\Pipeline->then(Object(Closure))
#19 E:\wamp\www\chuangke_c\vendor\laravel\framework\src\Illuminate\Routing\Router.php(675): Illuminate\Routing\Router->runRouteWithinStack(Object(Illuminate\Routing\Route), Object(Illuminate\Http\Request))
#20 E:\wamp\www\chuangke_c\vendor\laravel\framework\src\Illuminate\Routing\Router.php(635): Illuminate\Routing\Router->dispatchToRoute(Object(Illuminate\Http\Request))
#21 E:\wamp\www\chuangke_c\vendor\laravel\framework\src\Illuminate\Foundation\Http\Kernel.php(236): Illuminate\Routing\Router->dispatch(Object(Illuminate\Http\Request))
#22 [internal function]: Illuminate\Foundation\Http\Kernel->Illuminate\Foundation\Http\{closure}(Object(Illuminate\Http\Request))
#23 E:\wamp\www\chuangke_c\vendor\laravel\framework\src\Illuminate\Pipeline\Pipeline.php(139): call_user_func(Object(Closure), Object(Illuminate\Http\Request))
#24 E:\wamp\www\chuangke_c\vendor\laravel\framework\src\Illuminate\Foundation\Http\Middleware\VerifyCsrfToken.php(50): Illuminate\Pipeline\Pipeline->Illuminate\Pipeline\{closure}(Object(Illuminate\Http\Request))
#25 [internal function]: Illuminate\Foundation\Http\Middleware\VerifyCsrfToken->handle(Object(Illuminate\Http\Request), Object(Closure))
#26 E:\wamp\www\chuangke_c\vendor\laravel\framework\src\Illuminate\Pipeline\Pipeline.php(124): call_user_func_array(Array, Array)
#27 E:\wamp\www\chuangke_c\vendor\laravel\framework\src\Illuminate\View\Middleware\ShareErrorsFromSession.php(49): Illuminate\Pipeline\Pipeline->Illuminate\Pipeline\{closure}(Object(Illuminate\Http\Request))
#28 [internal function]: Illuminate\View\Middleware\ShareErrorsFromSession->handle(Object(Illuminate\Http\Request), Object(Closure))
#29 E:\wamp\www\chuangke_c\vendor\laravel\framework\src\Illuminate\Pipeline\Pipeline.php(124): call_user_func_array(Array, Array)
#30 E:\wamp\www\chuangke_c\vendor\laravel\framework\src\Illuminate\Session\Middleware\StartSession.php(62): Illuminate\Pipeline\Pipeline->Illuminate\Pipeline\{closure}(Object(Illuminate\Http\Request))
#31 [internal function]: Illuminate\Session\Middleware\StartSession->handle(Object(Illuminate\Http\Request), Object(Closure))
#32 E:\wamp\www\chuangke_c\vendor\laravel\framework\src\Illuminate\Pipeline\Pipeline.php(124): call_user_func_array(Array, Array)
#33 E:\wamp\www\chuangke_c\vendor\laravel\framework\src\Illuminate\Cookie\Middleware\AddQueuedCookiesToResponse.php(37): Illuminate\Pipeline\Pipeline->Illuminate\Pipeline\{closure}(Object(Illuminate\Http\Request))
#34 [internal function]: Illuminate\Cookie\Middleware\AddQueuedCookiesToResponse->handle(Object(Illuminate\Http\Request), Object(Closure))
#35 E:\wamp\www\chuangke_c\vendor\laravel\framework\src\Illuminate\Pipeline\Pipeline.php(124): call_user_func_array(Array, Array)
#36 E:\wamp\www\chuangke_c\vendor\laravel\framework\src\Illuminate\Cookie\Middleware\EncryptCookies.php(59): Illuminate\Pipeline\Pipeline->Illuminate\Pipeline\{closure}(Object(Illuminate\Http\Request))
#37 [internal function]: Illuminate\Cookie\Middleware\EncryptCookies->handle(Object(Illuminate\Http\Request), Object(Closure))
#38 E:\wamp\www\chuangke_c\vendor\laravel\framework\src\Illuminate\Pipeline\Pipeline.php(124): call_user_func_array(Array, Array)
#39 E:\wamp\www\chuangke_c\vendor\laravel\framework\src\Illuminate\Foundation\Http\Middleware\CheckForMaintenanceMode.php(44): Illuminate\Pipeline\Pipeline->Illuminate\Pipeline\{closure}(Object(Illuminate\Http\Request))
#40 [internal function]: Illuminate\Foundation\Http\Middleware\CheckForMaintenanceMode->handle(Object(Illuminate\Http\Request), Object(Closure))
#41 E:\wamp\www\chuangke_c\vendor\laravel\framework\src\Illuminate\Pipeline\Pipeline.php(124): call_user_func_array(Array, Array)
#42 [internal function]: Illuminate\Pipeline\Pipeline->Illuminate\Pipeline\{closure}(Object(Illuminate\Http\Request))
#43 E:\wamp\www\chuangke_c\vendor\laravel\framework\src\Illuminate\Pipeline\Pipeline.php(103): call_user_func(Object(Closure), Object(Illuminate\Http\Request))
#44 E:\wamp\www\chuangke_c\vendor\laravel\framework\src\Illuminate\Foundation\Http\Kernel.php(122): Illuminate\Pipeline\Pipeline->then(Object(Closure))
#45 E:\wamp\www\chuangke_c\vendor\laravel\framework\src\Illuminate\Foundation\Http\Kernel.php(87): Illuminate\Foundation\Http\Kernel->sendRequestThroughRouter(Object(Illuminate\Http\Request))
#46 E:\wamp\www\chuangke_c\public\index.php(54): Illuminate\Foundation\Http\Kernel->handle(Object(Illuminate\Http\Request))
#47 {main}  
[2017-03-22 14:19:09] local.ERROR: exception 'ErrorException' with message 'Trying to get property of non-object' in E:\wamp\www\chuangke_c\app\Http\Controllers\Home\teacherCourse\createCourseController.php:34
Stack trace:
#0 E:\wamp\www\chuangke_c\app\Http\Controllers\Home\teacherCourse\createCourseController.php(34): Illuminate\Foundation\Bootstrap\HandleExceptions->handleError(8, 'Trying to get p...', 'E:\\wamp\\www\\chu...', 34, Array)
#1 [internal function]: App\Http\Controllers\Home\teacherCourse\createCourseController->getType()
#2 E:\wamp\www\chuangke_c\vendor\laravel\framework\src\Illuminate\Routing\Controller.php(256): call_user_func_array(Array, Array)
#3 E:\wamp\www\chuangke_c\vendor\laravel\framework\src\Illuminate\Routing\ControllerDispatcher.php(164): Illuminate\Routing\Controller->callAction('getType', Array)
#4 E:\wamp\www\chuangke_c\vendor\laravel\framework\src\Illuminate\Routing\ControllerDispatcher.php(112): Illuminate\Routing\ControllerDispatcher->call(Object(App\Http\Controllers\Home\teacherCourse\createCourseController), Object(Illuminate\Routing\Route), 'getType')
#5 [internal function]: Illuminate\Routing\ControllerDispatcher->Illuminate\Routing\{closure}(Object(Illuminate\Http\Request))
#6 E:\wamp\www\chuangke_c\vendor\laravel\framework\src\Illuminate\Pipeline\Pipeline.php(139): call_user_func(Object(Closure), Object(Illuminate\Http\Request))
#7 [internal function]: Illuminate\Pipeline\Pipeline->Illuminate\Pipeline\{closure}(Object(Illuminate\Http\Request))
#8 E:\wamp\www\chuangke_c\vendor\laravel\framework\src\Illuminate\Pipeline\Pipeline.php(103): call_user_func(Object(Closure), Object(Illuminate\Http\Request))
#9 E:\wamp\www\chuangke_c\vendor\laravel\framework\src\Illuminate\Routing\ControllerDispatcher.php(114): Illuminate\Pipeline\Pipeline->then(Object(Closure))
#10 E:\wamp\www\chuangke_c\vendor\laravel\framework\src\Illuminate\Routing\ControllerDispatcher.php(69): Illuminate\Routing\ControllerDispatcher->callWithinStack(Object(App\Http\Controllers\Home\teacherCourse\createCourseController), Object(Illuminate\Routing\Route), Object(Illuminate\Http\Request), 'getType')
#11 E:\wamp\www\chuangke_c\vendor\laravel\framework\src\Illuminate\Routing\Route.php(203): Illuminate\Routing\ControllerDispatcher->dispatch(Object(Illuminate\Routing\Route), Object(Illuminate\Http\Request), 'App\\Http\\Contro...', 'getType')
#12 E:\wamp\www\chuangke_c\vendor\laravel\framework\src\Illuminate\Routing\Route.php(134): Illuminate\Routing\Route->runWithCustomDispatcher(Object(Illuminate\Http\Request))
#13 E:\wamp\www\chuangke_c\vendor\laravel\framework\src\Illuminate\Routing\Router.php(708): Illuminate\Routing\Route->run(Object(Illuminate\Http\Request))
#14 [internal function]: Illuminate\Routing\Router->Illuminate\Routing\{closure}(Object(Illuminate\Http\Request))
#15 E:\wamp\www\chuangke_c\vendor\laravel\framework\src\Illuminate\Pipeline\Pipeline.php(139): call_user_func(Object(Closure), Object(Illuminate\Http\Request))
#16 [internal function]: Illuminate\Pipeline\Pipeline->Illuminate\Pipeline\{closure}(Object(Illuminate\Http\Request))
#17 E:\wamp\www\chuangke_c\vendor\laravel\framework\src\Illuminate\Pipeline\Pipeline.php(103): call_user_func(Object(Closure), Object(Illuminate\Http\Request))
#18 E:\wamp\www\chuangke_c\vendor\laravel\framework\src\Illuminate\Routing\Router.php(710): Illuminate\Pipeline\Pipeline->then(Object(Closure))
#19 E:\wamp\www\chuangke_c\vendor\laravel\framework\src\Illuminate\Routing\Router.php(675): Illuminate\Routing\Router->runRouteWithinStack(Object(Illuminate\Routing\Route), Object(Illuminate\Http\Request))
#20 E:\wamp\www\chuangke_c\vendor\laravel\framework\src\Illuminate\Routing\Router.php(635): Illuminate\Routing\Router->dispatchToRoute(Object(Illuminate\Http\Request))
#21 E:\wamp\www\chuangke_c\vendor\laravel\framework\src\Illuminate\Foundation\Http\Kernel.php(236): Illuminate\Routing\Router->dispatch(Object(Illuminate\Http\Request))
#22 [internal function]: Illuminate\Foundation\Http\Kernel->Illuminate\Foundation\Http\{closure}(Object(Illuminate\Http\Request))
#23 E:\wamp\www\chuangke_c\vendor\laravel\framework\src\Illuminate\Pipeline\Pipeline.php(139): call_user_func(Object(Closure), Object(Illuminate\Http\Request))
#24 E:\wamp\www\chuangke_c\vendor\laravel\framework\src\Illuminate\Foundation\Http\Middleware\VerifyCsrfToken.php(50): Illuminate\Pipeline\Pipeline->Illuminate\Pipeline\{closure}(Object(Illuminate\Http\Request))
#25 [internal function]: Illuminate\Foundation\Http\Middleware\VerifyCsrfToken->handle(Object(Illuminate\Http\Request), Object(Closure))
#26 E:\wamp\www\chuangke_c\vendor\laravel\framework\src\Illuminate\Pipeline\Pipeline.php(124): call_user_func_array(Array, Array)
#27 E:\wamp\www\chuangke_c\vendor\laravel\framework\src\Illuminate\View\Middleware\ShareErrorsFromSession.php(49): Illuminate\Pipeline\Pipeline->Illuminate\Pipeline\{closure}(Object(Illuminate\Http\Request))
#28 [internal function]: Illuminate\View\Middleware\ShareErrorsFromSession->handle(Object(Illuminate\Http\Request), Object(Closure))
#29 E:\wamp\www\chuangke_c\vendor\laravel\framework\src\Illuminate\Pipeline\Pipeline.php(124): call_user_func_array(Array, Array)
#30 E:\wamp\www\chuangke_c\vendor\laravel\framework\src\Illuminate\Session\Middleware\StartSession.php(62): Illuminate\Pipeline\Pipeline->Illuminate\Pipeline\{closure}(Object(Illuminate\Http\Request))
#31 [internal function]: Illuminate\Session\Middleware\StartSession->handle(Object(Illuminate\Http\Request), Object(Closure))
#32 E:\wamp\www\chuangke_c\vendor\laravel\framework\src\Illuminate\Pipeline\Pipeline.php(124): call_user_func_array(Array, Array)
#33 E:\wamp\www\chuangke_c\vendor\laravel\framework\src\Illuminate\Cookie\Middleware\AddQueuedCookiesToResponse.php(37): Illuminate\Pipeline\Pipeline->Illuminate\Pipeline\{closure}(Object(Illuminate\Http\Request))
#34 [internal function]: Illuminate\Cookie\Middleware\AddQueuedCookiesToResponse->handle(Object(Illuminate\Http\Request), Object(Closure))
#35 E:\wamp\www\chuangke_c\vendor\laravel\framework\src\Illuminate\Pipeline\Pipeline.php(124): call_user_func_array(Array, Array)
#36 E:\wamp\www\chuangke_c\vendor\laravel\framework\src\Illuminate\Cookie\Middleware\EncryptCookies.php(59): Illuminate\Pipeline\Pipeline->Illuminate\Pipeline\{closure}(Object(Illuminate\Http\Request))
#37 [internal function]: Illuminate\Cookie\Middleware\EncryptCookies->handle(Object(Illuminate\Http\Request), Object(Closure))
#38 E:\wamp\www\chuangke_c\vendor\laravel\framework\src\Illuminate\Pipeline\Pipeline.php(124): call_user_func_array(Array, Array)
#39 E:\wamp\www\chuangke_c\vendor\laravel\framework\src\Illuminate\Foundation\Http\Middleware\CheckForMaintenanceMode.php(44): Illuminate\Pipeline\Pipeline->Illuminate\Pipeline\{closure}(Object(Illuminate\Http\Request))
#40 [internal function]: Illuminate\Foundation\Http\Middleware\CheckForMaintenanceMode->handle(Object(Illuminate\Http\Request), Object(Closure))
#41 E:\wamp\www\chuangke_c\vendor\laravel\framework\src\Illuminate\Pipeline\Pipeline.php(124): call_user_func_array(Array, Array)
#42 [internal function]: Illuminate\Pipeline\Pipeline->Illuminate\Pipeline\{closure}(Object(Illuminate\Http\Request))
#43 E:\wamp\www\chuangke_c\vendor\laravel\framework\src\Illuminate\Pipeline\Pipeline.php(103): call_user_func(Object(Closure), Object(Illuminate\Http\Request))
#44 E:\wamp\www\chuangke_c\vendor\laravel\framework\src\Illuminate\Foundation\Http\Kernel.php(122): Illuminate\Pipeline\Pipeline->then(Object(Closure))
#45 E:\wamp\www\chuangke_c\vendor\laravel\framework\src\Illuminate\Foundation\Http\Kernel.php(87): Illuminate\Foundation\Http\Kernel->sendRequestThroughRouter(Object(Illuminate\Http\Request))
#46 E:\wamp\www\chuangke_c\public\index.php(54): Illuminate\Foundation\Http\Kernel->handle(Object(Illuminate\Http\Request))
#47 {main}  
[2017-03-22 16:04:13] local.ERROR: exception 'RuntimeException' with message 'No supported encrypter found. The cipher and / or key length are invalid.' in E:\wamp\www\chuangke_c\vendor\laravel\framework\src\Illuminate\Encryption\EncryptionServiceProvider.php:29
Stack trace:
#0 E:\wamp\www\chuangke_c\vendor\laravel\framework\src\Illuminate\Container\Container.php(738): Illuminate\Encryption\EncryptionServiceProvider->Illuminate\Encryption\{closure}(Object(Illuminate\Foundation\Application), Array)
#1 E:\wamp\www\chuangke_c\vendor\laravel\framework\src\Illuminate\Container\Container.php(631): Illuminate\Container\Container->build(Object(Closure), Array)
#2 E:\wamp\www\chuangke_c\vendor\laravel\framework\src\Illuminate\Foundation\Application.php(674): Illuminate\Container\Container->make('encrypter', Array)
#3 E:\wamp\www\chuangke_c\vendor\laravel\framework\src\Illuminate\Container\Container.php(842): Illuminate\Foundation\Application->make('Illuminate\\Cont...')
#4 E:\wamp\www\chuangke_c\vendor\laravel\framework\src\Illuminate\Container\Container.php(805): Illuminate\Container\Container->resolveClass(Object(ReflectionParameter))
#5 E:\wamp\www\chuangke_c\vendor\laravel\framework\src\Illuminate\Container\Container.php(776): Illuminate\Container\Container->getDependencies(Array, Array)
#6 E:\wamp\www\chuangke_c\vendor\laravel\framework\src\Illuminate\Container\Container.php(631): Illuminate\Container\Container->build('App\\Http\\Middle...', Array)
#7 E:\wamp\www\chuangke_c\vendor\laravel\framework\src\Illuminate\Foundation\Application.php(674): Illuminate\Container\Container->make('App\\Http\\Middle...', Array)
#8 E:\wamp\www\chuangke_c\vendor\laravel\framework\src\Illuminate\Pipeline\Pipeline.php(123): Illuminate\Foundation\Application->make('App\\Http\\Middle...')
#9 E:\wamp\www\chuangke_c\vendor\laravel\framework\src\Illuminate\Foundation\Http\Middleware\CheckForMaintenanceMode.php(44): Illuminate\Pipeline\Pipeline->Illuminate\Pipeline\{closure}(Object(Illuminate\Http\Request))
#10 [internal function]: Illuminate\Foundation\Http\Middleware\CheckForMaintenanceMode->handle(Object(Illuminate\Http\Request), Object(Closure))
#11 E:\wamp\www\chuangke_c\vendor\laravel\framework\src\Illuminate\Pipeline\Pipeline.php(124): call_user_func_array(Array, Array)
#12 [internal function]: Illuminate\Pipeline\Pipeline->Illuminate\Pipeline\{closure}(Object(Illuminate\Http\Request))
#13 E:\wamp\www\chuangke_c\vendor\laravel\framework\src\Illuminate\Pipeline\Pipeline.php(103): call_user_func(Object(Closure), Object(Illuminate\Http\Request))
#14 E:\wamp\www\chuangke_c\vendor\laravel\framework\src\Illuminate\Foundation\Http\Kernel.php(122): Illuminate\Pipeline\Pipeline->then(Object(Closure))
#15 E:\wamp\www\chuangke_c\vendor\laravel\framework\src\Illuminate\Foundation\Http\Kernel.php(87): Illuminate\Foundation\Http\Kernel->sendRequestThroughRouter(Object(Illuminate\Http\Request))
#16 E:\wamp\www\chuangke_c\public\index.php(54): Illuminate\Foundation\Http\Kernel->handle(Object(Illuminate\Http\Request))
#17 {main}  
[2017-03-22 16:04:13] local.ERROR: exception 'RuntimeException' with message 'No supported encrypter found. The cipher and / or key length are invalid.' in E:\wamp\www\chuangke_c\vendor\laravel\framework\src\Illuminate\Encryption\EncryptionServiceProvider.php:29
Stack trace:
#0 E:\wamp\www\chuangke_c\vendor\laravel\framework\src\Illuminate\Container\Container.php(738): Illuminate\Encryption\EncryptionServiceProvider->Illuminate\Encryption\{closure}(Object(Illuminate\Foundation\Application), Array)
#1 E:\wamp\www\chuangke_c\vendor\laravel\framework\src\Illuminate\Container\Container.php(631): Illuminate\Container\Container->build(Object(Closure), Array)
#2 E:\wamp\www\chuangke_c\vendor\laravel\framework\src\Illuminate\Foundation\Application.php(674): Illuminate\Container\Container->make('encrypter', Array)
#3 E:\wamp\www\chuangke_c\vendor\laravel\framework\src\Illuminate\Container\Container.php(842): Illuminate\Foundation\Application->make('Illuminate\\Cont...')
#4 E:\wamp\www\chuangke_c\vendor\laravel\framework\src\Illuminate\Container\Container.php(805): Illuminate\Container\Container->resolveClass(Object(ReflectionParameter))
#5 E:\wamp\www\chuangke_c\vendor\laravel\framework\src\Illuminate\Container\Container.php(776): Illuminate\Container\Container->getDependencies(Array, Array)
#6 E:\wamp\www\chuangke_c\vendor\laravel\framework\src\Illuminate\Container\Container.php(631): Illuminate\Container\Container->build('App\\Http\\Middle...', Array)
#7 E:\wamp\www\chuangke_c\vendor\laravel\framework\src\Illuminate\Foundation\Application.php(674): Illuminate\Container\Container->make('App\\Http\\Middle...', Array)
#8 E:\wamp\www\chuangke_c\vendor\laravel\framework\src\Illuminate\Pipeline\Pipeline.php(123): Illuminate\Foundation\Application->make('App\\Http\\Middle...')
#9 E:\wamp\www\chuangke_c\vendor\laravel\framework\src\Illuminate\Foundation\Http\Middleware\CheckForMaintenanceMode.php(44): Illuminate\Pipeline\Pipeline->Illuminate\Pipeline\{closure}(Object(Illuminate\Http\Request))
#10 [internal function]: Illuminate\Foundation\Http\Middleware\CheckForMaintenanceMode->handle(Object(Illuminate\Http\Request), Object(Closure))
#11 E:\wamp\www\chuangke_c\vendor\laravel\framework\src\Illuminate\Pipeline\Pipeline.php(124): call_user_func_array(Array, Array)
#12 [internal function]: Illuminate\Pipeline\Pipeline->Illuminate\Pipeline\{closure}(Object(Illuminate\Http\Request))
#13 E:\wamp\www\chuangke_c\vendor\laravel\framework\src\Illuminate\Pipeline\Pipeline.php(103): call_user_func(Object(Closure), Object(Illuminate\Http\Request))
#14 E:\wamp\www\chuangke_c\vendor\laravel\framework\src\Illuminate\Foundation\Http\Kernel.php(122): Illuminate\Pipeline\Pipeline->then(Object(Closure))
#15 E:\wamp\www\chuangke_c\vendor\laravel\framework\src\Illuminate\Foundation\Http\Kernel.php(87): Illuminate\Foundation\Http\Kernel->sendRequestThroughRouter(Object(Illuminate\Http\Request))
#16 E:\wamp\www\chuangke_c\public\index.php(54): Illuminate\Foundation\Http\Kernel->handle(Object(Illuminate\Http\Request))
#17 {main}  
[2017-03-22 16:04:13] local.ERROR: exception 'RuntimeException' with message 'No supported encrypter found. The cipher and / or key length are invalid.' in E:\wamp\www\chuangke_c\vendor\laravel\framework\src\Illuminate\Encryption\EncryptionServiceProvider.php:29
Stack trace:
#0 E:\wamp\www\chuangke_c\vendor\laravel\framework\src\Illuminate\Container\Container.php(738): Illuminate\Encryption\EncryptionServiceProvider->Illuminate\Encryption\{closure}(Object(Illuminate\Foundation\Application), Array)
#1 E:\wamp\www\chuangke_c\vendor\laravel\framework\src\Illuminate\Container\Container.php(631): Illuminate\Container\Container->build(Object(Closure), Array)
#2 E:\wamp\www\chuangke_c\vendor\laravel\framework\src\Illuminate\Foundation\Application.php(674): Illuminate\Container\Container->make('encrypter', Array)
#3 E:\wamp\www\chuangke_c\vendor\laravel\framework\src\Illuminate\Container\Container.php(842): Illuminate\Foundation\Application->make('Illuminate\\Cont...')
#4 E:\wamp\www\chuangke_c\vendor\laravel\framework\src\Illuminate\Container\Container.php(805): Illuminate\Container\Container->resolveClass(Object(ReflectionParameter))
#5 E:\wamp\www\chuangke_c\vendor\laravel\framework\src\Illuminate\Container\Container.php(776): Illuminate\Container\Container->getDependencies(Array, Array)
#6 E:\wamp\www\chuangke_c\vendor\laravel\framework\src\Illuminate\Container\Container.php(631): Illuminate\Container\Container->build('App\\Http\\Middle...', Array)
#7 E:\wamp\www\chuangke_c\vendor\laravel\framework\src\Illuminate\Foundation\Application.php(674): Illuminate\Container\Container->make('App\\Http\\Middle...', Array)
#8 E:\wamp\www\chuangke_c\vendor\laravel\framework\src\Illuminate\Foundation\Http\Kernel.php(142): Illuminate\Foundation\Application->make('App\\Http\\Middle...')
#9 E:\wamp\www\chuangke_c\public\index.php(58): Illuminate\Foundation\Http\Kernel->terminate(Object(Illuminate\Http\Request), Object(Illuminate\Http\Response))
#10 {main}  
[2017-03-22 16:04:13] local.ERROR: exception 'RuntimeException' with message 'No supported encrypter found. The cipher and / or key length are invalid.' in E:\wamp\www\chuangke_c\vendor\laravel\framework\src\Illuminate\Encryption\EncryptionServiceProvider.php:29
Stack trace:
#0 E:\wamp\www\chuangke_c\vendor\laravel\framework\src\Illuminate\Container\Container.php(738): Illuminate\Encryption\EncryptionServiceProvider->Illuminate\Encryption\{closure}(Object(Illuminate\Foundation\Application), Array)
#1 E:\wamp\www\chuangke_c\vendor\laravel\framework\src\Illuminate\Container\Container.php(631): Illuminate\Container\Container->build(Object(Closure), Array)
#2 E:\wamp\www\chuangke_c\vendor\laravel\framework\src\Illuminate\Foundation\Application.php(674): Illuminate\Container\Container->make('encrypter', Array)
#3 E:\wamp\www\chuangke_c\vendor\laravel\framework\src\Illuminate\Container\Container.php(842): Illuminate\Foundation\Application->make('Illuminate\\Cont...')
#4 E:\wamp\www\chuangke_c\vendor\laravel\framework\src\Illuminate\Container\Container.php(805): Illuminate\Container\Container->resolveClass(Object(ReflectionParameter))
#5 E:\wamp\www\chuangke_c\vendor\laravel\framework\src\Illuminate\Container\Container.php(776): Illuminate\Container\Container->getDependencies(Array, Array)
#6 E:\wamp\www\chuangke_c\vendor\laravel\framework\src\Illuminate\Container\Container.php(631): Illuminate\Container\Container->build('App\\Http\\Middle...', Array)
#7 E:\wamp\www\chuangke_c\vendor\laravel\framework\src\Illuminate\Foundation\Application.php(674): Illuminate\Container\Container->make('App\\Http\\Middle...', Array)
#8 E:\wamp\www\chuangke_c\vendor\laravel\framework\src\Illuminate\Foundation\Http\Kernel.php(142): Illuminate\Foundation\Application->make('App\\Http\\Middle...')
#9 E:\wamp\www\chuangke_c\public\index.php(58): Illuminate\Foundation\Http\Kernel->terminate(Object(Illuminate\Http\Request), Object(Illuminate\Http\Response))
#10 {main}  
[2017-03-22 16:14:26] local.ERROR: exception 'Symfony\Component\Debug\Exception\FatalErrorException' with message 'Maximum execution time of 120 seconds exceeded' in E:\wamp\www\chuangke_c\workbench\primecloud\pass\src\Primecloud\Pass\Kernel\PassBase.php:99
Stack trace:
#0 E:\wamp\www\chuangke_c\vendor\laravel\framework\src\Illuminate\Foundation\Bootstrap\HandleExceptions.php(133): Symfony\Component\Debug\Exception\FatalErrorException->__construct()
#1 E:\wamp\www\chuangke_c\vendor\laravel\framework\src\Illuminate\Foundation\Bootstrap\HandleExceptions.php(118): Illuminate\Foundation\Bootstrap\HandleExceptions->fatalExceptionFromError()
#2 E:\wamp\www\chuangke_c\vendor\laravel\framework\src\Illuminate\Foundation\Bootstrap\HandleExceptions.php(0): Illuminate\Foundation\Bootstrap\HandleExceptions->handleShutdown()
#3 E:\wamp\www\chuangke_c\workbench\primecloud\pass\src\Primecloud\Pass\Kernel\PassBase.php(52): Primecloud\Pass\Kernel\PassBase->request()
#4 E:\wamp\www\chuangke_c\workbench\primecloud\pass\src\Primecloud\Pass\Kernel\Resourse.php(44): Primecloud\Pass\Kernel\PassBase->get()
#5 E:\wamp\www\chuangke_c\workbench\primecloud\weixin\vendor\illuminate\support\Facades\Facade.php(215): Primecloud\Pass\Kernel\Resourse->getuploadstatus()
#6 E:\wamp\www\chuangke_c\app\Http\Controllers\Home\lessonComment\Gadget.php(86): Illuminate\Support\Facades\Facade::__callStatic()
#7 E:\wamp\www\chuangke_c\app\Http\Controllers\Home\lessonComment\Gadget.php(86): Primecloud\Pass\Facades\Resourse::getuploadstatus()
#8 E:\wamp\www\chuangke_c\vendor\laravel\framework\src\Illuminate\Routing\Controller.php(256): App\Http\Controllers\Home\lessonComment\buyCommentController->uploadResource()
#9 E:\wamp\www\chuangke_c\vendor\laravel\framework\src\Illuminate\Routing\Controller.php(256): call_user_func_array:{E:\wamp\www\chuangke_c\vendor\laravel\framework\src\Illuminate\Routing\Controller.php:256}()
#10 E:\wamp\www\chuangke_c\vendor\laravel\framework\src\Illuminate\Routing\ControllerDispatcher.php(164): Illuminate\Routing\Controller->callAction()
#11 E:\wamp\www\chuangke_c\vendor\laravel\framework\src\Illuminate\Routing\ControllerDispatcher.php(112): Illuminate\Routing\ControllerDispatcher->call()
#12 E:\wamp\www\chuangke_c\vendor\laravel\framework\src\Illuminate\Pipeline\Pipeline.php(139): Illuminate\Routing\ControllerDispatcher->Illuminate\Routing\{closure}()
#13 E:\wamp\www\chuangke_c\vendor\laravel\framework\src\Illuminate\Pipeline\Pipeline.php(139): call_user_func:{E:\wamp\www\chuangke_c\vendor\laravel\framework\src\Illuminate\Pipeline\Pipeline.php:139}()
#14 E:\wamp\www\chuangke_c\vendor\laravel\framework\src\Illuminate\Pipeline\Pipeline.php(103): Illuminate\Pipeline\Pipeline->Illuminate\Pipeline\{closure}()
#15 E:\wamp\www\chuangke_c\vendor\laravel\framework\src\Illuminate\Pipeline\Pipeline.php(103): call_user_func:{E:\wamp\www\chuangke_c\vendor\laravel\framework\src\Illuminate\Pipeline\Pipeline.php:103}()
#16 E:\wamp\www\chuangke_c\vendor\laravel\framework\src\Illuminate\Routing\ControllerDispatcher.php(114): Illuminate\Pipeline\Pipeline->then()
#17 E:\wamp\www\chuangke_c\vendor\laravel\framework\src\Illuminate\Routing\ControllerDispatcher.php(69): Illuminate\Routing\ControllerDispatcher->callWithinStack()
#18 E:\wamp\www\chuangke_c\vendor\laravel\framework\src\Illuminate\Routing\Route.php(203): Illuminate\Routing\ControllerDispatcher->dispatch()
#19 E:\wamp\www\chuangke_c\vendor\laravel\framework\src\Illuminate\Routing\Route.php(134): Illuminate\Routing\Route->runWithCustomDispatcher()
#20 E:\wamp\www\chuangke_c\vendor\laravel\framework\src\Illuminate\Routing\Router.php(708): Illuminate\Routing\Route->run()
#21 E:\wamp\www\chuangke_c\vendor\laravel\framework\src\Illuminate\Pipeline\Pipeline.php(139): Illuminate\Routing\Router->Illuminate\Routing\{closure}()
#22 E:\wamp\www\chuangke_c\vendor\laravel\framework\src\Illuminate\Pipeline\Pipeline.php(139): call_user_func:{E:\wamp\www\chuangke_c\vendor\laravel\framework\src\Illuminate\Pipeline\Pipeline.php:139}()
#23 E:\wamp\www\chuangke_c\app\Http\Middleware\CheckAuth.php(39): Illuminate\Pipeline\Pipeline->Illuminate\Pipeline\{closure}()
#24 E:\wamp\www\chuangke_c\vendor\laravel\framework\src\Illuminate\Pipeline\Pipeline.php(124): App\Http\Middleware\CheckAuth->handle()
#25 E:\wamp\www\chuangke_c\vendor\laravel\framework\src\Illuminate\Pipeline\Pipeline.php(124): call_user_func_array:{E:\wamp\www\chuangke_c\vendor\laravel\framework\src\Illuminate\Pipeline\Pipeline.php:124}()
#26 E:\wamp\www\chuangke_c\vendor\laravel\framework\src\Illuminate\Pipeline\Pipeline.php(103): Illuminate\Pipeline\Pipeline->Illuminate\Pipeline\{closure}()
#27 E:\wamp\www\chuangke_c\vendor\laravel\framework\src\Illuminate\Pipeline\Pipeline.php(103): call_user_func:{E:\wamp\www\chuangke_c\vendor\laravel\framework\src\Illuminate\Pipeline\Pipeline.php:103}()
#28 E:\wamp\www\chuangke_c\vendor\laravel\framework\src\Illuminate\Routing\Router.php(710): Illuminate\Pipeline\Pipeline->then()
#29 E:\wamp\www\chuangke_c\vendor\laravel\framework\src\Illuminate\Routing\Router.php(675): Illuminate\Routing\Router->runRouteWithinStack()
#30 E:\wamp\www\chuangke_c\vendor\laravel\framework\src\Illuminate\Routing\Router.php(635): Illuminate\Routing\Router->dispatchToRoute()
#31 E:\wamp\www\chuangke_c\vendor\laravel\framework\src\Illuminate\Foundation\Http\Kernel.php(236): Illuminate\Routing\Router->dispatch()
#32 E:\wamp\www\chuangke_c\vendor\laravel\framework\src\Illuminate\Pipeline\Pipeline.php(139): Illuminate\Foundation\Http\Kernel->Illuminate\Foundation\Http\{closure}()
#33 E:\wamp\www\chuangke_c\vendor\laravel\framework\src\Illuminate\Pipeline\Pipeline.php(139): call_user_func:{E:\wamp\www\chuangke_c\vendor\laravel\framework\src\Illuminate\Pipeline\Pipeline.php:139}()
#34 E:\wamp\www\chuangke_c\vendor\laravel\framework\src\Illuminate\Foundation\Http\Middleware\VerifyCsrfToken.php(50): Illuminate\Pipeline\Pipeline->Illuminate\Pipeline\{closure}()
#35 E:\wamp\www\chuangke_c\vendor\laravel\framework\src\Illuminate\Pipeline\Pipeline.php(124): Illuminate\Foundation\Http\Middleware\VerifyCsrfToken->handle()
#36 E:\wamp\www\chuangke_c\vendor\laravel\framework\src\Illuminate\Pipeline\Pipeline.php(124): call_user_func_array:{E:\wamp\www\chuangke_c\vendor\laravel\framework\src\Illuminate\Pipeline\Pipeline.php:124}()
#37 E:\wamp\www\chuangke_c\vendor\laravel\framework\src\Illuminate\View\Middleware\ShareErrorsFromSession.php(49): Illuminate\Pipeline\Pipeline->Illuminate\Pipeline\{closure}()
#38 E:\wamp\www\chuangke_c\vendor\laravel\framework\src\Illuminate\Pipeline\Pipeline.php(124): Illuminate\View\Middleware\ShareErrorsFromSession->handle()
#39 E:\wamp\www\chuangke_c\vendor\laravel\framework\src\Illuminate\Pipeline\Pipeline.php(124): call_user_func_array:{E:\wamp\www\chuangke_c\vendor\laravel\framework\src\Illuminate\Pipeline\Pipeline.php:124}()
#40 E:\wamp\www\chuangke_c\vendor\laravel\framework\src\Illuminate\Session\Middleware\StartSession.php(62): Illuminate\Pipeline\Pipeline->Illuminate\Pipeline\{closure}()
#41 E:\wamp\www\chuangke_c\vendor\laravel\framework\src\Illuminate\Pipeline\Pipeline.php(124): Illuminate\Session\Middleware\StartSession->handle()
#42 E:\wamp\www\chuangke_c\vendor\laravel\framework\src\Illuminate\Pipeline\Pipeline.php(124): call_user_func_array:{E:\wamp\www\chuangke_c\vendor\laravel\framework\src\Illuminate\Pipeline\Pipeline.php:124}()
#43 E:\wamp\www\chuangke_c\vendor\laravel\framework\src\Illuminate\Cookie\Middleware\AddQueuedCookiesToResponse.php(37): Illuminate\Pipeline\Pipeline->Illuminate\Pipeline\{closure}()
#44 E:\wamp\www\chuangke_c\vendor\laravel\framework\src\Illuminate\Pipeline\Pipeline.php(124): Illuminate\Cookie\Middleware\AddQueuedCookiesToResponse->handle()
#45 E:\wamp\www\chuangke_c\vendor\laravel\framework\src\Illuminate\Pipeline\Pipeline.php(124): call_user_func_array:{E:\wamp\www\chuangke_c\vendor\laravel\framework\src\Illuminate\Pipeline\Pipeline.php:124}()
#46 E:\wamp\www\chuangke_c\vendor\laravel\framework\src\Illuminate\Cookie\Middleware\EncryptCookies.php(59): Illuminate\Pipeline\Pipeline->Illuminate\Pipeline\{closure}()
#47 E:\wamp\www\chuangke_c\vendor\laravel\framework\src\Illuminate\Pipeline\Pipeline.php(124): Illuminate\Cookie\Middleware\EncryptCookies->handle()
#48 E:\wamp\www\chuangke_c\vendor\laravel\framework\src\Illuminate\Pipeline\Pipeline.php(124): call_user_func_array:{E:\wamp\www\chuangke_c\vendor\laravel\framework\src\Illuminate\Pipeline\Pipeline.php:124}()
#49 E:\wamp\www\chuangke_c\vendor\laravel\framework\src\Illuminate\Foundation\Http\Middleware\CheckForMaintenanceMode.php(44): Illuminate\Pipeline\Pipeline->Illuminate\Pipeline\{closure}()
#50 E:\wamp\www\chuangke_c\vendor\laravel\framework\src\Illuminate\Pipeline\Pipeline.php(124): Illuminate\Foundation\Http\Middleware\CheckForMaintenanceMode->handle()
#51 E:\wamp\www\chuangke_c\vendor\laravel\framework\src\Illuminate\Pipeline\Pipeline.php(124): call_user_func_array:{E:\wamp\www\chuangke_c\vendor\laravel\framework\src\Illuminate\Pipeline\Pipeline.php:124}()
#52 E:\wamp\www\chuangke_c\vendor\laravel\framework\src\Illuminate\Pipeline\Pipeline.php(103): Illuminate\Pipeline\Pipeline->Illuminate\Pipeline\{closure}()
#53 E:\wamp\www\chuangke_c\vendor\laravel\framework\src\Illuminate\Pipeline\Pipeline.php(103): call_user_func:{E:\wamp\www\chuangke_c\vendor\laravel\framework\src\Illuminate\Pipeline\Pipeline.php:103}()
#54 E:\wamp\www\chuangke_c\vendor\laravel\framework\src\Illuminate\Foundation\Http\Kernel.php(122): Illuminate\Pipeline\Pipeline->then()
#55 E:\wamp\www\chuangke_c\vendor\laravel\framework\src\Illuminate\Foundation\Http\Kernel.php(87): Illuminate\Foundation\Http\Kernel->sendRequestThroughRouter()
#56 E:\wamp\www\chuangke_c\public\index.php(54): Illuminate\Foundation\Http\Kernel->handle()
#57 E:\wamp\www\chuangke_c\public\index.php(0): {main}()
#58 {main}  
