[2017-03-23 09:39:55] local.ERROR: exception 'Illuminate\Session\TokenMismatchException' in E:\wamp\www\chuangke_c\vendor\laravel\framework\src\Illuminate\Foundation\Http\Middleware\VerifyCsrfToken.php:53
Stack trace:
#0 [internal function]: Illuminate\Foundation\Http\Middleware\VerifyCsrfToken->handle(Object(Illuminate\Http\Request), Object(Closure))
#1 E:\wamp\www\chuangke_c\vendor\laravel\framework\src\Illuminate\Pipeline\Pipeline.php(124): call_user_func_array(Array, Array)
#2 E:\wamp\www\chuangke_c\vendor\laravel\framework\src\Illuminate\View\Middleware\ShareErrorsFromSession.php(49): Illuminate\Pipeline\Pipeline->Illuminate\Pipeline\{closure}(Object(Illuminate\Http\Request))
#3 [internal function]: Illuminate\View\Middleware\ShareErrorsFromSession->handle(Object(Illuminate\Http\Request), Object(Closure))
#4 E:\wamp\www\chuangke_c\vendor\laravel\framework\src\Illuminate\Pipeline\Pipeline.php(124): call_user_func_array(Array, Array)
#5 E:\wamp\www\chuangke_c\vendor\laravel\framework\src\Illuminate\Session\Middleware\StartSession.php(62): Illuminate\Pipeline\Pipeline->Illuminate\Pipeline\{closure}(Object(Illuminate\Http\Request))
#6 [internal function]: Illuminate\Session\Middleware\StartSession->handle(Object(Illuminate\Http\Request), Object(Closure))
#7 E:\wamp\www\chuangke_c\vendor\laravel\framework\src\Illuminate\Pipeline\Pipeline.php(124): call_user_func_array(Array, Array)
#8 E:\wamp\www\chuangke_c\vendor\laravel\framework\src\Illuminate\Cookie\Middleware\AddQueuedCookiesToResponse.php(37): Illuminate\Pipeline\Pipeline->Illuminate\Pipeline\{closure}(Object(Illuminate\Http\Request))
#9 [internal function]: Illuminate\Cookie\Middleware\AddQueuedCookiesToResponse->handle(Object(Illuminate\Http\Request), Object(Closure))
#10 E:\wamp\www\chuangke_c\vendor\laravel\framework\src\Illuminate\Pipeline\Pipeline.php(124): call_user_func_array(Array, Array)
#11 E:\wamp\www\chuangke_c\vendor\laravel\framework\src\Illuminate\Cookie\Middleware\EncryptCookies.php(59): Illuminate\Pipeline\Pipeline->Illuminate\Pipeline\{closure}(Object(Illuminate\Http\Request))
#12 [internal function]: Illuminate\Cookie\Middleware\EncryptCookies->handle(Object(Illuminate\Http\Request), Object(Closure))
#13 E:\wamp\www\chuangke_c\vendor\laravel\framework\src\Illuminate\Pipeline\Pipeline.php(124): call_user_func_array(Array, Array)
#14 E:\wamp\www\chuangke_c\vendor\laravel\framework\src\Illuminate\Foundation\Http\Middleware\CheckForMaintenanceMode.php(44): Illuminate\Pipeline\Pipeline->Illuminate\Pipeline\{closure}(Object(Illuminate\Http\Request))
#15 [internal function]: Illuminate\Foundation\Http\Middleware\CheckForMaintenanceMode->handle(Object(Illuminate\Http\Request), Object(Closure))
#16 E:\wamp\www\chuangke_c\vendor\laravel\framework\src\Illuminate\Pipeline\Pipeline.php(124): call_user_func_array(Array, Array)
#17 [internal function]: Illuminate\Pipeline\Pipeline->Illuminate\Pipeline\{closure}(Object(Illuminate\Http\Request))
#18 E:\wamp\www\chuangke_c\vendor\laravel\framework\src\Illuminate\Pipeline\Pipeline.php(103): call_user_func(Object(Closure), Object(Illuminate\Http\Request))
#19 E:\wamp\www\chuangke_c\vendor\laravel\framework\src\Illuminate\Foundation\Http\Kernel.php(122): Illuminate\Pipeline\Pipeline->then(Object(Closure))
#20 E:\wamp\www\chuangke_c\vendor\laravel\framework\src\Illuminate\Foundation\Http\Kernel.php(87): Illuminate\Foundation\Http\Kernel->sendRequestThroughRouter(Object(Illuminate\Http\Request))
#21 E:\wamp\www\chuangke_c\public\index.php(54): Illuminate\Foundation\Http\Kernel->handle(Object(Illuminate\Http\Request))
#22 {main}  
[2017-03-23 10:02:23] local.ERROR: exception 'PDOException' with message 'SQLSTATE[HY000] [2002] 由于连接方在一段时间后没有正确答复或连接的主机没有反应，连接尝试失败。
' in E:\wamp\www\chuangke_c\vendor\laravel\framework\src\Illuminate\Database\Connectors\Connector.php:55
Stack trace:
#0 E:\wamp\www\chuangke_c\vendor\laravel\framework\src\Illuminate\Database\Connectors\Connector.php(55): PDO->__construct('mysql:host=182....', 'root', 'br1sjchrh6', Array)
#1 E:\wamp\www\chuangke_c\vendor\laravel\framework\src\Illuminate\Database\Connectors\MySqlConnector.php(22): Illuminate\Database\Connectors\Connector->createConnection('mysql:host=182....', Array, Array)
#2 E:\wamp\www\chuangke_c\vendor\laravel\framework\src\Illuminate\Database\Connectors\ConnectionFactory.php(60): Illuminate\Database\Connectors\MySqlConnector->connect(Array)
#3 E:\wamp\www\chuangke_c\vendor\laravel\framework\src\Illuminate\Database\Connectors\ConnectionFactory.php(49): Illuminate\Database\Connectors\ConnectionFactory->createSingleConnection(Array)
#4 E:\wamp\www\chuangke_c\vendor\laravel\framework\src\Illuminate\Database\DatabaseManager.php(175): Illuminate\Database\Connectors\ConnectionFactory->make(Array, 'mysql')
#5 E:\wamp\www\chuangke_c\vendor\laravel\framework\src\Illuminate\Database\DatabaseManager.php(67): Illuminate\Database\DatabaseManager->makeConnection('mysql')
#6 E:\wamp\www\chuangke_c\vendor\laravel\framework\src\Illuminate\Database\DatabaseManager.php(296): Illuminate\Database\DatabaseManager->connection()
#7 E:\wamp\www\chuangke_c\workbench\primecloud\weixin\vendor\illuminate\support\Facades\Facade.php(215): Illuminate\Database\DatabaseManager->__call('table', Array)
#8 E:\wamp\www\chuangke_c\workbench\primecloud\weixin\vendor\illuminate\support\Facades\Facade.php(215): Illuminate\Database\DatabaseManager->table('about')
#9 E:\wamp\www\chuangke_c\app\Providers\AppServiceProvider.php(19): Illuminate\Support\Facades\Facade::__callStatic('table', Array)
#10 E:\wamp\www\chuangke_c\app\Providers\AppServiceProvider.php(19): Illuminate\Support\Facades\DB::table('about')
#11 [internal function]: App\Providers\AppServiceProvider->boot()
#12 E:\wamp\www\chuangke_c\vendor\laravel\framework\src\Illuminate\Container\Container.php(507): call_user_func_array(Array, Array)
#13 E:\wamp\www\chuangke_c\vendor\laravel\framework\src\Illuminate\Foundation\Application.php(734): Illuminate\Container\Container->call(Array)
#14 E:\wamp\www\chuangke_c\vendor\laravel\framework\src\Illuminate\Foundation\Application.php(717): Illuminate\Foundation\Application->bootProvider(Object(App\Providers\AppServiceProvider))
#15 [internal function]: Illuminate\Foundation\Application->Illuminate\Foundation\{closure}(Object(App\Providers\AppServiceProvider), 14)
#16 E:\wamp\www\chuangke_c\vendor\laravel\framework\src\Illuminate\Foundation\Application.php(718): array_walk(Array, Object(Closure))
#17 E:\wamp\www\chuangke_c\vendor\laravel\framework\src\Illuminate\Foundation\Bootstrap\BootProviders.php(17): Illuminate\Foundation\Application->boot()
#18 E:\wamp\www\chuangke_c\vendor\laravel\framework\src\Illuminate\Foundation\Application.php(203): Illuminate\Foundation\Bootstrap\BootProviders->bootstrap(Object(Illuminate\Foundation\Application))
#19 E:\wamp\www\chuangke_c\vendor\laravel\framework\src\Illuminate\Foundation\Http\Kernel.php(222): Illuminate\Foundation\Application->bootstrapWith(Array)
#20 E:\wamp\www\chuangke_c\vendor\laravel\framework\src\Illuminate\Foundation\Http\Kernel.php(117): Illuminate\Foundation\Http\Kernel->bootstrap()
#21 E:\wamp\www\chuangke_c\vendor\laravel\framework\src\Illuminate\Foundation\Http\Kernel.php(87): Illuminate\Foundation\Http\Kernel->sendRequestThroughRouter(Object(Illuminate\Http\Request))
#22 E:\wamp\www\chuangke_c\public\index.php(54): Illuminate\Foundation\Http\Kernel->handle(Object(Illuminate\Http\Request))
#23 {main}  
[2017-03-23 10:02:47] local.ERROR: exception 'PDOException' with message 'SQLSTATE[HY000] [2002] 由于连接方在一段时间后没有正确答复或连接的主机没有反应，连接尝试失败。
' in E:\wamp\www\chuangke_c\vendor\laravel\framework\src\Illuminate\Database\Connectors\Connector.php:55
Stack trace:
#0 E:\wamp\www\chuangke_c\vendor\laravel\framework\src\Illuminate\Database\Connectors\Connector.php(55): PDO->__construct('mysql:host=182....', 'root', 'br1sjchrh6', Array)
#1 E:\wamp\www\chuangke_c\vendor\laravel\framework\src\Illuminate\Database\Connectors\MySqlConnector.php(22): Illuminate\Database\Connectors\Connector->createConnection('mysql:host=182....', Array, Array)
#2 E:\wamp\www\chuangke_c\vendor\laravel\framework\src\Illuminate\Database\Connectors\ConnectionFactory.php(60): Illuminate\Database\Connectors\MySqlConnector->connect(Array)
#3 E:\wamp\www\chuangke_c\vendor\laravel\framework\src\Illuminate\Database\Connectors\ConnectionFactory.php(49): Illuminate\Database\Connectors\ConnectionFactory->createSingleConnection(Array)
#4 E:\wamp\www\chuangke_c\vendor\laravel\framework\src\Illuminate\Database\DatabaseManager.php(175): Illuminate\Database\Connectors\ConnectionFactory->make(Array, 'mysql')
#5 E:\wamp\www\chuangke_c\vendor\laravel\framework\src\Illuminate\Database\DatabaseManager.php(67): Illuminate\Database\DatabaseManager->makeConnection('mysql')
#6 E:\wamp\www\chuangke_c\vendor\laravel\framework\src\Illuminate\Database\DatabaseManager.php(296): Illuminate\Database\DatabaseManager->connection()
#7 E:\wamp\www\chuangke_c\workbench\primecloud\weixin\vendor\illuminate\support\Facades\Facade.php(215): Illuminate\Database\DatabaseManager->__call('table', Array)
#8 E:\wamp\www\chuangke_c\workbench\primecloud\weixin\vendor\illuminate\support\Facades\Facade.php(215): Illuminate\Database\DatabaseManager->table('about')
#9 E:\wamp\www\chuangke_c\app\Providers\AppServiceProvider.php(19): Illuminate\Support\Facades\Facade::__callStatic('table', Array)
#10 E:\wamp\www\chuangke_c\app\Providers\AppServiceProvider.php(19): Illuminate\Support\Facades\DB::table('about')
#11 [internal function]: App\Providers\AppServiceProvider->boot()
#12 E:\wamp\www\chuangke_c\vendor\laravel\framework\src\Illuminate\Container\Container.php(507): call_user_func_array(Array, Array)
#13 E:\wamp\www\chuangke_c\vendor\laravel\framework\src\Illuminate\Foundation\Application.php(734): Illuminate\Container\Container->call(Array)
#14 E:\wamp\www\chuangke_c\vendor\laravel\framework\src\Illuminate\Foundation\Application.php(717): Illuminate\Foundation\Application->bootProvider(Object(App\Providers\AppServiceProvider))
#15 [internal function]: Illuminate\Foundation\Application->Illuminate\Foundation\{closure}(Object(App\Providers\AppServiceProvider), 14)
#16 E:\wamp\www\chuangke_c\vendor\laravel\framework\src\Illuminate\Foundation\Application.php(718): array_walk(Array, Object(Closure))
#17 E:\wamp\www\chuangke_c\vendor\laravel\framework\src\Illuminate\Foundation\Bootstrap\BootProviders.php(17): Illuminate\Foundation\Application->boot()
#18 E:\wamp\www\chuangke_c\vendor\laravel\framework\src\Illuminate\Foundation\Application.php(203): Illuminate\Foundation\Bootstrap\BootProviders->bootstrap(Object(Illuminate\Foundation\Application))
#19 E:\wamp\www\chuangke_c\vendor\laravel\framework\src\Illuminate\Foundation\Http\Kernel.php(222): Illuminate\Foundation\Application->bootstrapWith(Array)
#20 E:\wamp\www\chuangke_c\vendor\laravel\framework\src\Illuminate\Foundation\Http\Kernel.php(117): Illuminate\Foundation\Http\Kernel->bootstrap()
#21 E:\wamp\www\chuangke_c\vendor\laravel\framework\src\Illuminate\Foundation\Http\Kernel.php(87): Illuminate\Foundation\Http\Kernel->sendRequestThroughRouter(Object(Illuminate\Http\Request))
#22 E:\wamp\www\chuangke_c\public\index.php(54): Illuminate\Foundation\Http\Kernel->handle(Object(Illuminate\Http\Request))
#23 {main}  
[2017-03-23 10:03:46] local.ERROR: exception 'PDOException' with message 'SQLSTATE[HY000] [2002] 由于连接方在一段时间后没有正确答复或连接的主机没有反应，连接尝试失败。
' in E:\wamp\www\chuangke_c\vendor\laravel\framework\src\Illuminate\Database\Connectors\Connector.php:55
Stack trace:
#0 E:\wamp\www\chuangke_c\vendor\laravel\framework\src\Illuminate\Database\Connectors\Connector.php(55): PDO->__construct('mysql:host=182....', 'root', 'br1sjchrh6', Array)
#1 E:\wamp\www\chuangke_c\vendor\laravel\framework\src\Illuminate\Database\Connectors\MySqlConnector.php(22): Illuminate\Database\Connectors\Connector->createConnection('mysql:host=182....', Array, Array)
#2 E:\wamp\www\chuangke_c\vendor\laravel\framework\src\Illuminate\Database\Connectors\ConnectionFactory.php(60): Illuminate\Database\Connectors\MySqlConnector->connect(Array)
#3 E:\wamp\www\chuangke_c\vendor\laravel\framework\src\Illuminate\Database\Connectors\ConnectionFactory.php(49): Illuminate\Database\Connectors\ConnectionFactory->createSingleConnection(Array)
#4 E:\wamp\www\chuangke_c\vendor\laravel\framework\src\Illuminate\Database\DatabaseManager.php(175): Illuminate\Database\Connectors\ConnectionFactory->make(Array, 'mysql')
#5 E:\wamp\www\chuangke_c\vendor\laravel\framework\src\Illuminate\Database\DatabaseManager.php(67): Illuminate\Database\DatabaseManager->makeConnection('mysql')
#6 E:\wamp\www\chuangke_c\vendor\laravel\framework\src\Illuminate\Database\DatabaseManager.php(296): Illuminate\Database\DatabaseManager->connection()
#7 E:\wamp\www\chuangke_c\workbench\primecloud\weixin\vendor\illuminate\support\Facades\Facade.php(215): Illuminate\Database\DatabaseManager->__call('table', Array)
#8 E:\wamp\www\chuangke_c\workbench\primecloud\weixin\vendor\illuminate\support\Facades\Facade.php(215): Illuminate\Database\DatabaseManager->table('about')
#9 E:\wamp\www\chuangke_c\app\Providers\AppServiceProvider.php(19): Illuminate\Support\Facades\Facade::__callStatic('table', Array)
#10 E:\wamp\www\chuangke_c\app\Providers\AppServiceProvider.php(19): Illuminate\Support\Facades\DB::table('about')
#11 [internal function]: App\Providers\AppServiceProvider->boot()
#12 E:\wamp\www\chuangke_c\vendor\laravel\framework\src\Illuminate\Container\Container.php(507): call_user_func_array(Array, Array)
#13 E:\wamp\www\chuangke_c\vendor\laravel\framework\src\Illuminate\Foundation\Application.php(734): Illuminate\Container\Container->call(Array)
#14 E:\wamp\www\chuangke_c\vendor\laravel\framework\src\Illuminate\Foundation\Application.php(717): Illuminate\Foundation\Application->bootProvider(Object(App\Providers\AppServiceProvider))
#15 [internal function]: Illuminate\Foundation\Application->Illuminate\Foundation\{closure}(Object(App\Providers\AppServiceProvider), 14)
#16 E:\wamp\www\chuangke_c\vendor\laravel\framework\src\Illuminate\Foundation\Application.php(718): array_walk(Array, Object(Closure))
#17 E:\wamp\www\chuangke_c\vendor\laravel\framework\src\Illuminate\Foundation\Bootstrap\BootProviders.php(17): Illuminate\Foundation\Application->boot()
#18 E:\wamp\www\chuangke_c\vendor\laravel\framework\src\Illuminate\Foundation\Application.php(203): Illuminate\Foundation\Bootstrap\BootProviders->bootstrap(Object(Illuminate\Foundation\Application))
#19 E:\wamp\www\chuangke_c\vendor\laravel\framework\src\Illuminate\Foundation\Http\Kernel.php(222): Illuminate\Foundation\Application->bootstrapWith(Array)
#20 E:\wamp\www\chuangke_c\vendor\laravel\framework\src\Illuminate\Foundation\Http\Kernel.php(117): Illuminate\Foundation\Http\Kernel->bootstrap()
#21 E:\wamp\www\chuangke_c\vendor\laravel\framework\src\Illuminate\Foundation\Http\Kernel.php(87): Illuminate\Foundation\Http\Kernel->sendRequestThroughRouter(Object(Illuminate\Http\Request))
#22 E:\wamp\www\chuangke_c\public\index.php(54): Illuminate\Foundation\Http\Kernel->handle(Object(Illuminate\Http\Request))
#23 {main}  
[2017-03-23 10:03:46] local.ERROR: exception 'PDOException' with message 'SQLSTATE[HY000] [2002] 由于连接方在一段时间后没有正确答复或连接的主机没有反应，连接尝试失败。
' in E:\wamp\www\chuangke_c\vendor\laravel\framework\src\Illuminate\Database\Connectors\Connector.php:55
Stack trace:
#0 E:\wamp\www\chuangke_c\vendor\laravel\framework\src\Illuminate\Database\Connectors\Connector.php(55): PDO->__construct('mysql:host=182....', 'root', 'br1sjchrh6', Array)
#1 E:\wamp\www\chuangke_c\vendor\laravel\framework\src\Illuminate\Database\Connectors\MySqlConnector.php(22): Illuminate\Database\Connectors\Connector->createConnection('mysql:host=182....', Array, Array)
#2 E:\wamp\www\chuangke_c\vendor\laravel\framework\src\Illuminate\Database\Connectors\ConnectionFactory.php(60): Illuminate\Database\Connectors\MySqlConnector->connect(Array)
#3 E:\wamp\www\chuangke_c\vendor\laravel\framework\src\Illuminate\Database\Connectors\ConnectionFactory.php(49): Illuminate\Database\Connectors\ConnectionFactory->createSingleConnection(Array)
#4 E:\wamp\www\chuangke_c\vendor\laravel\framework\src\Illuminate\Database\DatabaseManager.php(175): Illuminate\Database\Connectors\ConnectionFactory->make(Array, 'mysql')
#5 E:\wamp\www\chuangke_c\vendor\laravel\framework\src\Illuminate\Database\DatabaseManager.php(67): Illuminate\Database\DatabaseManager->makeConnection('mysql')
#6 E:\wamp\www\chuangke_c\vendor\laravel\framework\src\Illuminate\Database\DatabaseManager.php(296): Illuminate\Database\DatabaseManager->connection()
#7 E:\wamp\www\chuangke_c\workbench\primecloud\weixin\vendor\illuminate\support\Facades\Facade.php(215): Illuminate\Database\DatabaseManager->__call('table', Array)
#8 E:\wamp\www\chuangke_c\workbench\primecloud\weixin\vendor\illuminate\support\Facades\Facade.php(215): Illuminate\Database\DatabaseManager->table('about')
#9 E:\wamp\www\chuangke_c\app\Providers\AppServiceProvider.php(19): Illuminate\Support\Facades\Facade::__callStatic('table', Array)
#10 E:\wamp\www\chuangke_c\app\Providers\AppServiceProvider.php(19): Illuminate\Support\Facades\DB::table('about')
#11 [internal function]: App\Providers\AppServiceProvider->boot()
#12 E:\wamp\www\chuangke_c\vendor\laravel\framework\src\Illuminate\Container\Container.php(507): call_user_func_array(Array, Array)
#13 E:\wamp\www\chuangke_c\vendor\laravel\framework\src\Illuminate\Foundation\Application.php(734): Illuminate\Container\Container->call(Array)
#14 E:\wamp\www\chuangke_c\vendor\laravel\framework\src\Illuminate\Foundation\Application.php(717): Illuminate\Foundation\Application->bootProvider(Object(App\Providers\AppServiceProvider))
#15 [internal function]: Illuminate\Foundation\Application->Illuminate\Foundation\{closure}(Object(App\Providers\AppServiceProvider), 14)
#16 E:\wamp\www\chuangke_c\vendor\laravel\framework\src\Illuminate\Foundation\Application.php(718): array_walk(Array, Object(Closure))
#17 E:\wamp\www\chuangke_c\vendor\laravel\framework\src\Illuminate\Foundation\Bootstrap\BootProviders.php(17): Illuminate\Foundation\Application->boot()
#18 E:\wamp\www\chuangke_c\vendor\laravel\framework\src\Illuminate\Foundation\Application.php(203): Illuminate\Foundation\Bootstrap\BootProviders->bootstrap(Object(Illuminate\Foundation\Application))
#19 E:\wamp\www\chuangke_c\vendor\laravel\framework\src\Illuminate\Foundation\Http\Kernel.php(222): Illuminate\Foundation\Application->bootstrapWith(Array)
#20 E:\wamp\www\chuangke_c\vendor\laravel\framework\src\Illuminate\Foundation\Http\Kernel.php(117): Illuminate\Foundation\Http\Kernel->bootstrap()
#21 E:\wamp\www\chuangke_c\vendor\laravel\framework\src\Illuminate\Foundation\Http\Kernel.php(87): Illuminate\Foundation\Http\Kernel->sendRequestThroughRouter(Object(Illuminate\Http\Request))
#22 E:\wamp\www\chuangke_c\public\index.php(54): Illuminate\Foundation\Http\Kernel->handle(Object(Illuminate\Http\Request))
#23 {main}  
[2017-03-23 10:03:46] local.ERROR: exception 'PDOException' with message 'SQLSTATE[HY000] [2002] 由于连接方在一段时间后没有正确答复或连接的主机没有反应，连接尝试失败。
' in E:\wamp\www\chuangke_c\vendor\laravel\framework\src\Illuminate\Database\Connectors\Connector.php:55
Stack trace:
#0 E:\wamp\www\chuangke_c\vendor\laravel\framework\src\Illuminate\Database\Connectors\Connector.php(55): PDO->__construct('mysql:host=182....', 'root', 'br1sjchrh6', Array)
#1 E:\wamp\www\chuangke_c\vendor\laravel\framework\src\Illuminate\Database\Connectors\MySqlConnector.php(22): Illuminate\Database\Connectors\Connector->createConnection('mysql:host=182....', Array, Array)
#2 E:\wamp\www\chuangke_c\vendor\laravel\framework\src\Illuminate\Database\Connectors\ConnectionFactory.php(60): Illuminate\Database\Connectors\MySqlConnector->connect(Array)
#3 E:\wamp\www\chuangke_c\vendor\laravel\framework\src\Illuminate\Database\Connectors\ConnectionFactory.php(49): Illuminate\Database\Connectors\ConnectionFactory->createSingleConnection(Array)
#4 E:\wamp\www\chuangke_c\vendor\laravel\framework\src\Illuminate\Database\DatabaseManager.php(175): Illuminate\Database\Connectors\ConnectionFactory->make(Array, 'mysql')
#5 E:\wamp\www\chuangke_c\vendor\laravel\framework\src\Illuminate\Database\DatabaseManager.php(67): Illuminate\Database\DatabaseManager->makeConnection('mysql')
#6 E:\wamp\www\chuangke_c\vendor\laravel\framework\src\Illuminate\Database\DatabaseManager.php(296): Illuminate\Database\DatabaseManager->connection()
#7 E:\wamp\www\chuangke_c\workbench\primecloud\weixin\vendor\illuminate\support\Facades\Facade.php(215): Illuminate\Database\DatabaseManager->__call('table', Array)
#8 E:\wamp\www\chuangke_c\workbench\primecloud\weixin\vendor\illuminate\support\Facades\Facade.php(215): Illuminate\Database\DatabaseManager->table('about')
#9 E:\wamp\www\chuangke_c\app\Providers\AppServiceProvider.php(19): Illuminate\Support\Facades\Facade::__callStatic('table', Array)
#10 E:\wamp\www\chuangke_c\app\Providers\AppServiceProvider.php(19): Illuminate\Support\Facades\DB::table('about')
#11 [internal function]: App\Providers\AppServiceProvider->boot()
#12 E:\wamp\www\chuangke_c\vendor\laravel\framework\src\Illuminate\Container\Container.php(507): call_user_func_array(Array, Array)
#13 E:\wamp\www\chuangke_c\vendor\laravel\framework\src\Illuminate\Foundation\Application.php(734): Illuminate\Container\Container->call(Array)
#14 E:\wamp\www\chuangke_c\vendor\laravel\framework\src\Illuminate\Foundation\Application.php(717): Illuminate\Foundation\Application->bootProvider(Object(App\Providers\AppServiceProvider))
#15 [internal function]: Illuminate\Foundation\Application->Illuminate\Foundation\{closure}(Object(App\Providers\AppServiceProvider), 14)
#16 E:\wamp\www\chuangke_c\vendor\laravel\framework\src\Illuminate\Foundation\Application.php(718): array_walk(Array, Object(Closure))
#17 E:\wamp\www\chuangke_c\vendor\laravel\framework\src\Illuminate\Foundation\Bootstrap\BootProviders.php(17): Illuminate\Foundation\Application->boot()
#18 E:\wamp\www\chuangke_c\vendor\laravel\framework\src\Illuminate\Foundation\Application.php(203): Illuminate\Foundation\Bootstrap\BootProviders->bootstrap(Object(Illuminate\Foundation\Application))
#19 E:\wamp\www\chuangke_c\vendor\laravel\framework\src\Illuminate\Foundation\Http\Kernel.php(222): Illuminate\Foundation\Application->bootstrapWith(Array)
#20 E:\wamp\www\chuangke_c\vendor\laravel\framework\src\Illuminate\Foundation\Http\Kernel.php(117): Illuminate\Foundation\Http\Kernel->bootstrap()
#21 E:\wamp\www\chuangke_c\vendor\laravel\framework\src\Illuminate\Foundation\Http\Kernel.php(87): Illuminate\Foundation\Http\Kernel->sendRequestThroughRouter(Object(Illuminate\Http\Request))
#22 E:\wamp\www\chuangke_c\public\index.php(54): Illuminate\Foundation\Http\Kernel->handle(Object(Illuminate\Http\Request))
#23 {main}  
[2017-03-23 10:03:46] local.ERROR: exception 'PDOException' with message 'SQLSTATE[HY000] [2002] 由于连接方在一段时间后没有正确答复或连接的主机没有反应，连接尝试失败。
' in E:\wamp\www\chuangke_c\vendor\laravel\framework\src\Illuminate\Database\Connectors\Connector.php:55
Stack trace:
#0 E:\wamp\www\chuangke_c\vendor\laravel\framework\src\Illuminate\Database\Connectors\Connector.php(55): PDO->__construct('mysql:host=182....', 'root', 'br1sjchrh6', Array)
#1 E:\wamp\www\chuangke_c\vendor\laravel\framework\src\Illuminate\Database\Connectors\MySqlConnector.php(22): Illuminate\Database\Connectors\Connector->createConnection('mysql:host=182....', Array, Array)
#2 E:\wamp\www\chuangke_c\vendor\laravel\framework\src\Illuminate\Database\Connectors\ConnectionFactory.php(60): Illuminate\Database\Connectors\MySqlConnector->connect(Array)
#3 E:\wamp\www\chuangke_c\vendor\laravel\framework\src\Illuminate\Database\Connectors\ConnectionFactory.php(49): Illuminate\Database\Connectors\ConnectionFactory->createSingleConnection(Array)
#4 E:\wamp\www\chuangke_c\vendor\laravel\framework\src\Illuminate\Database\DatabaseManager.php(175): Illuminate\Database\Connectors\ConnectionFactory->make(Array, 'mysql')
#5 E:\wamp\www\chuangke_c\vendor\laravel\framework\src\Illuminate\Database\DatabaseManager.php(67): Illuminate\Database\DatabaseManager->makeConnection('mysql')
#6 E:\wamp\www\chuangke_c\vendor\laravel\framework\src\Illuminate\Database\DatabaseManager.php(296): Illuminate\Database\DatabaseManager->connection()
#7 E:\wamp\www\chuangke_c\workbench\primecloud\weixin\vendor\illuminate\support\Facades\Facade.php(215): Illuminate\Database\DatabaseManager->__call('table', Array)
#8 E:\wamp\www\chuangke_c\workbench\primecloud\weixin\vendor\illuminate\support\Facades\Facade.php(215): Illuminate\Database\DatabaseManager->table('about')
#9 E:\wamp\www\chuangke_c\app\Providers\AppServiceProvider.php(19): Illuminate\Support\Facades\Facade::__callStatic('table', Array)
#10 E:\wamp\www\chuangke_c\app\Providers\AppServiceProvider.php(19): Illuminate\Support\Facades\DB::table('about')
#11 [internal function]: App\Providers\AppServiceProvider->boot()
#12 E:\wamp\www\chuangke_c\vendor\laravel\framework\src\Illuminate\Container\Container.php(507): call_user_func_array(Array, Array)
#13 E:\wamp\www\chuangke_c\vendor\laravel\framework\src\Illuminate\Foundation\Application.php(734): Illuminate\Container\Container->call(Array)
#14 E:\wamp\www\chuangke_c\vendor\laravel\framework\src\Illuminate\Foundation\Application.php(717): Illuminate\Foundation\Application->bootProvider(Object(App\Providers\AppServiceProvider))
#15 [internal function]: Illuminate\Foundation\Application->Illuminate\Foundation\{closure}(Object(App\Providers\AppServiceProvider), 14)
#16 E:\wamp\www\chuangke_c\vendor\laravel\framework\src\Illuminate\Foundation\Application.php(718): array_walk(Array, Object(Closure))
#17 E:\wamp\www\chuangke_c\vendor\laravel\framework\src\Illuminate\Foundation\Bootstrap\BootProviders.php(17): Illuminate\Foundation\Application->boot()
#18 E:\wamp\www\chuangke_c\vendor\laravel\framework\src\Illuminate\Foundation\Application.php(203): Illuminate\Foundation\Bootstrap\BootProviders->bootstrap(Object(Illuminate\Foundation\Application))
#19 E:\wamp\www\chuangke_c\vendor\laravel\framework\src\Illuminate\Foundation\Http\Kernel.php(222): Illuminate\Foundation\Application->bootstrapWith(Array)
#20 E:\wamp\www\chuangke_c\vendor\laravel\framework\src\Illuminate\Foundation\Http\Kernel.php(117): Illuminate\Foundation\Http\Kernel->bootstrap()
#21 E:\wamp\www\chuangke_c\vendor\laravel\framework\src\Illuminate\Foundation\Http\Kernel.php(87): Illuminate\Foundation\Http\Kernel->sendRequestThroughRouter(Object(Illuminate\Http\Request))
#22 E:\wamp\www\chuangke_c\public\index.php(54): Illuminate\Foundation\Http\Kernel->handle(Object(Illuminate\Http\Request))
#23 {main}  
[2017-03-23 10:03:47] local.ERROR: exception 'PDOException' with message 'SQLSTATE[HY000] [2002] 由于连接方在一段时间后没有正确答复或连接的主机没有反应，连接尝试失败。
' in E:\wamp\www\chuangke_c\vendor\laravel\framework\src\Illuminate\Database\Connectors\Connector.php:55
Stack trace:
#0 E:\wamp\www\chuangke_c\vendor\laravel\framework\src\Illuminate\Database\Connectors\Connector.php(55): PDO->__construct('mysql:host=182....', 'root', 'br1sjchrh6', Array)
#1 E:\wamp\www\chuangke_c\vendor\laravel\framework\src\Illuminate\Database\Connectors\MySqlConnector.php(22): Illuminate\Database\Connectors\Connector->createConnection('mysql:host=182....', Array, Array)
#2 E:\wamp\www\chuangke_c\vendor\laravel\framework\src\Illuminate\Database\Connectors\ConnectionFactory.php(60): Illuminate\Database\Connectors\MySqlConnector->connect(Array)
#3 E:\wamp\www\chuangke_c\vendor\laravel\framework\src\Illuminate\Database\Connectors\ConnectionFactory.php(49): Illuminate\Database\Connectors\ConnectionFactory->createSingleConnection(Array)
#4 E:\wamp\www\chuangke_c\vendor\laravel\framework\src\Illuminate\Database\DatabaseManager.php(175): Illuminate\Database\Connectors\ConnectionFactory->make(Array, 'mysql')
#5 E:\wamp\www\chuangke_c\vendor\laravel\framework\src\Illuminate\Database\DatabaseManager.php(67): Illuminate\Database\DatabaseManager->makeConnection('mysql')
#6 E:\wamp\www\chuangke_c\vendor\laravel\framework\src\Illuminate\Database\DatabaseManager.php(296): Illuminate\Database\DatabaseManager->connection()
#7 E:\wamp\www\chuangke_c\workbench\primecloud\weixin\vendor\illuminate\support\Facades\Facade.php(215): Illuminate\Database\DatabaseManager->__call('table', Array)
#8 E:\wamp\www\chuangke_c\workbench\primecloud\weixin\vendor\illuminate\support\Facades\Facade.php(215): Illuminate\Database\DatabaseManager->table('about')
#9 E:\wamp\www\chuangke_c\app\Providers\AppServiceProvider.php(19): Illuminate\Support\Facades\Facade::__callStatic('table', Array)
#10 E:\wamp\www\chuangke_c\app\Providers\AppServiceProvider.php(19): Illuminate\Support\Facades\DB::table('about')
#11 [internal function]: App\Providers\AppServiceProvider->boot()
#12 E:\wamp\www\chuangke_c\vendor\laravel\framework\src\Illuminate\Container\Container.php(507): call_user_func_array(Array, Array)
#13 E:\wamp\www\chuangke_c\vendor\laravel\framework\src\Illuminate\Foundation\Application.php(734): Illuminate\Container\Container->call(Array)
#14 E:\wamp\www\chuangke_c\vendor\laravel\framework\src\Illuminate\Foundation\Application.php(717): Illuminate\Foundation\Application->bootProvider(Object(App\Providers\AppServiceProvider))
#15 [internal function]: Illuminate\Foundation\Application->Illuminate\Foundation\{closure}(Object(App\Providers\AppServiceProvider), 14)
#16 E:\wamp\www\chuangke_c\vendor\laravel\framework\src\Illuminate\Foundation\Application.php(718): array_walk(Array, Object(Closure))
#17 E:\wamp\www\chuangke_c\vendor\laravel\framework\src\Illuminate\Foundation\Bootstrap\BootProviders.php(17): Illuminate\Foundation\Application->boot()
#18 E:\wamp\www\chuangke_c\vendor\laravel\framework\src\Illuminate\Foundation\Application.php(203): Illuminate\Foundation\Bootstrap\BootProviders->bootstrap(Object(Illuminate\Foundation\Application))
#19 E:\wamp\www\chuangke_c\vendor\laravel\framework\src\Illuminate\Foundation\Http\Kernel.php(222): Illuminate\Foundation\Application->bootstrapWith(Array)
#20 E:\wamp\www\chuangke_c\vendor\laravel\framework\src\Illuminate\Foundation\Http\Kernel.php(117): Illuminate\Foundation\Http\Kernel->bootstrap()
#21 E:\wamp\www\chuangke_c\vendor\laravel\framework\src\Illuminate\Foundation\Http\Kernel.php(87): Illuminate\Foundation\Http\Kernel->sendRequestThroughRouter(Object(Illuminate\Http\Request))
#22 E:\wamp\www\chuangke_c\public\index.php(54): Illuminate\Foundation\Http\Kernel->handle(Object(Illuminate\Http\Request))
#23 {main}  
[2017-03-23 10:04:03] local.ERROR: exception 'PDOException' with message 'SQLSTATE[HY000] [2002] 由于连接方在一段时间后没有正确答复或连接的主机没有反应，连接尝试失败。
' in E:\wamp\www\chuangke_c\vendor\laravel\framework\src\Illuminate\Database\Connectors\Connector.php:55
Stack trace:
#0 E:\wamp\www\chuangke_c\vendor\laravel\framework\src\Illuminate\Database\Connectors\Connector.php(55): PDO->__construct('mysql:host=182....', 'root', 'br1sjchrh6', Array)
#1 E:\wamp\www\chuangke_c\vendor\laravel\framework\src\Illuminate\Database\Connectors\MySqlConnector.php(22): Illuminate\Database\Connectors\Connector->createConnection('mysql:host=182....', Array, Array)
#2 E:\wamp\www\chuangke_c\vendor\laravel\framework\src\Illuminate\Database\Connectors\ConnectionFactory.php(60): Illuminate\Database\Connectors\MySqlConnector->connect(Array)
#3 E:\wamp\www\chuangke_c\vendor\laravel\framework\src\Illuminate\Database\Connectors\ConnectionFactory.php(49): Illuminate\Database\Connectors\ConnectionFactory->createSingleConnection(Array)
#4 E:\wamp\www\chuangke_c\vendor\laravel\framework\src\Illuminate\Database\DatabaseManager.php(175): Illuminate\Database\Connectors\ConnectionFactory->make(Array, 'mysql')
#5 E:\wamp\www\chuangke_c\vendor\laravel\framework\src\Illuminate\Database\DatabaseManager.php(67): Illuminate\Database\DatabaseManager->makeConnection('mysql')
#6 E:\wamp\www\chuangke_c\vendor\laravel\framework\src\Illuminate\Database\DatabaseManager.php(296): Illuminate\Database\DatabaseManager->connection()
#7 E:\wamp\www\chuangke_c\workbench\primecloud\weixin\vendor\illuminate\support\Facades\Facade.php(215): Illuminate\Database\DatabaseManager->__call('table', Array)
#8 E:\wamp\www\chuangke_c\workbench\primecloud\weixin\vendor\illuminate\support\Facades\Facade.php(215): Illuminate\Database\DatabaseManager->table('about')
#9 E:\wamp\www\chuangke_c\app\Providers\AppServiceProvider.php(19): Illuminate\Support\Facades\Facade::__callStatic('table', Array)
#10 E:\wamp\www\chuangke_c\app\Providers\AppServiceProvider.php(19): Illuminate\Support\Facades\DB::table('about')
#11 [internal function]: App\Providers\AppServiceProvider->boot()
#12 E:\wamp\www\chuangke_c\vendor\laravel\framework\src\Illuminate\Container\Container.php(507): call_user_func_array(Array, Array)
#13 E:\wamp\www\chuangke_c\vendor\laravel\framework\src\Illuminate\Foundation\Application.php(734): Illuminate\Container\Container->call(Array)
#14 E:\wamp\www\chuangke_c\vendor\laravel\framework\src\Illuminate\Foundation\Application.php(717): Illuminate\Foundation\Application->bootProvider(Object(App\Providers\AppServiceProvider))
#15 [internal function]: Illuminate\Foundation\Application->Illuminate\Foundation\{closure}(Object(App\Providers\AppServiceProvider), 14)
#16 E:\wamp\www\chuangke_c\vendor\laravel\framework\src\Illuminate\Foundation\Application.php(718): array_walk(Array, Object(Closure))
#17 E:\wamp\www\chuangke_c\vendor\laravel\framework\src\Illuminate\Foundation\Bootstrap\BootProviders.php(17): Illuminate\Foundation\Application->boot()
#18 E:\wamp\www\chuangke_c\vendor\laravel\framework\src\Illuminate\Foundation\Application.php(203): Illuminate\Foundation\Bootstrap\BootProviders->bootstrap(Object(Illuminate\Foundation\Application))
#19 E:\wamp\www\chuangke_c\vendor\laravel\framework\src\Illuminate\Foundation\Http\Kernel.php(222): Illuminate\Foundation\Application->bootstrapWith(Array)
#20 E:\wamp\www\chuangke_c\vendor\laravel\framework\src\Illuminate\Foundation\Http\Kernel.php(117): Illuminate\Foundation\Http\Kernel->bootstrap()
#21 E:\wamp\www\chuangke_c\vendor\laravel\framework\src\Illuminate\Foundation\Http\Kernel.php(87): Illuminate\Foundation\Http\Kernel->sendRequestThroughRouter(Object(Illuminate\Http\Request))
#22 E:\wamp\www\chuangke_c\public\index.php(54): Illuminate\Foundation\Http\Kernel->handle(Object(Illuminate\Http\Request))
#23 {main}  
[2017-03-23 10:05:38] local.ERROR: exception 'PDOException' with message 'SQLSTATE[HY000] [2002] 由于连接方在一段时间后没有正确答复或连接的主机没有反应，连接尝试失败。
' in E:\wamp\www\chuangke_c\vendor\laravel\framework\src\Illuminate\Database\Connectors\Connector.php:55
Stack trace:
#0 E:\wamp\www\chuangke_c\vendor\laravel\framework\src\Illuminate\Database\Connectors\Connector.php(55): PDO->__construct('mysql:host=182....', 'root', 'br1sjchrh6', Array)
#1 E:\wamp\www\chuangke_c\vendor\laravel\framework\src\Illuminate\Database\Connectors\MySqlConnector.php(22): Illuminate\Database\Connectors\Connector->createConnection('mysql:host=182....', Array, Array)
#2 E:\wamp\www\chuangke_c\vendor\laravel\framework\src\Illuminate\Database\Connectors\ConnectionFactory.php(60): Illuminate\Database\Connectors\MySqlConnector->connect(Array)
#3 E:\wamp\www\chuangke_c\vendor\laravel\framework\src\Illuminate\Database\Connectors\ConnectionFactory.php(49): Illuminate\Database\Connectors\ConnectionFactory->createSingleConnection(Array)
#4 E:\wamp\www\chuangke_c\vendor\laravel\framework\src\Illuminate\Database\DatabaseManager.php(175): Illuminate\Database\Connectors\ConnectionFactory->make(Array, 'mysql')
#5 E:\wamp\www\chuangke_c\vendor\laravel\framework\src\Illuminate\Database\DatabaseManager.php(67): Illuminate\Database\DatabaseManager->makeConnection('mysql')
#6 E:\wamp\www\chuangke_c\vendor\laravel\framework\src\Illuminate\Database\DatabaseManager.php(296): Illuminate\Database\DatabaseManager->connection()
#7 E:\wamp\www\chuangke_c\workbench\primecloud\weixin\vendor\illuminate\support\Facades\Facade.php(215): Illuminate\Database\DatabaseManager->__call('table', Array)
#8 E:\wamp\www\chuangke_c\workbench\primecloud\weixin\vendor\illuminate\support\Facades\Facade.php(215): Illuminate\Database\DatabaseManager->table('about')
#9 E:\wamp\www\chuangke_c\app\Providers\AppServiceProvider.php(19): Illuminate\Support\Facades\Facade::__callStatic('table', Array)
#10 E:\wamp\www\chuangke_c\app\Providers\AppServiceProvider.php(19): Illuminate\Support\Facades\DB::table('about')
#11 [internal function]: App\Providers\AppServiceProvider->boot()
#12 E:\wamp\www\chuangke_c\vendor\laravel\framework\src\Illuminate\Container\Container.php(507): call_user_func_array(Array, Array)
#13 E:\wamp\www\chuangke_c\vendor\laravel\framework\src\Illuminate\Foundation\Application.php(734): Illuminate\Container\Container->call(Array)
#14 E:\wamp\www\chuangke_c\vendor\laravel\framework\src\Illuminate\Foundation\Application.php(717): Illuminate\Foundation\Application->bootProvider(Object(App\Providers\AppServiceProvider))
#15 [internal function]: Illuminate\Foundation\Application->Illuminate\Foundation\{closure}(Object(App\Providers\AppServiceProvider), 14)
#16 E:\wamp\www\chuangke_c\vendor\laravel\framework\src\Illuminate\Foundation\Application.php(718): array_walk(Array, Object(Closure))
#17 E:\wamp\www\chuangke_c\vendor\laravel\framework\src\Illuminate\Foundation\Bootstrap\BootProviders.php(17): Illuminate\Foundation\Application->boot()
#18 E:\wamp\www\chuangke_c\vendor\laravel\framework\src\Illuminate\Foundation\Application.php(203): Illuminate\Foundation\Bootstrap\BootProviders->bootstrap(Object(Illuminate\Foundation\Application))
#19 E:\wamp\www\chuangke_c\vendor\laravel\framework\src\Illuminate\Foundation\Http\Kernel.php(222): Illuminate\Foundation\Application->bootstrapWith(Array)
#20 E:\wamp\www\chuangke_c\vendor\laravel\framework\src\Illuminate\Foundation\Http\Kernel.php(117): Illuminate\Foundation\Http\Kernel->bootstrap()
#21 E:\wamp\www\chuangke_c\vendor\laravel\framework\src\Illuminate\Foundation\Http\Kernel.php(87): Illuminate\Foundation\Http\Kernel->sendRequestThroughRouter(Object(Illuminate\Http\Request))
#22 E:\wamp\www\chuangke_c\public\index.php(54): Illuminate\Foundation\Http\Kernel->handle(Object(Illuminate\Http\Request))
#23 {main}  
